\BOOKMARK [0][-]{chapter*.1}{摘 要}{}% 1
\BOOKMARK [0][-]{chapter*.2}{ABSTRACT}{}% 2
\BOOKMARK [0][-]{chapter.1}{介绍}{}% 3
\BOOKMARK [0][-]{chapter.2}{中文支持}{}% 4
\BOOKMARK [0][-]{chapter.3}{选项}{}% 5
\BOOKMARK [1][-]{section.3.1}{中文字库}{chapter.3}% 6
\BOOKMARK [1][-]{section.3.2}{排版风格}{chapter.3}% 7
\BOOKMARK [1][-]{section.3.3}{打印}{chapter.3}% 8
\BOOKMARK [1][-]{section.3.4}{默认选项}{chapter.3}% 9
\BOOKMARK [0][-]{chapter.4}{常用命令}{}% 10
\BOOKMARK [1][-]{section.4.1}{字体}{chapter.4}% 11
\BOOKMARK [1][-]{section.4.2}{字号、字距、字宽和缩进}{chapter.4}% 12
\BOOKMARK [1][-]{section.4.3}{中文数字转换}{chapter.4}% 13
\BOOKMARK [1][-]{section.4.4}{数学环境}{chapter.4}% 14
\BOOKMARK [0][-]{chapter.5}{杂七杂八的话}{}% 15
\BOOKMARK [1][-]{section.5.1}{模板的目录结构}{chapter.5}% 16
\BOOKMARK [1][-]{section.5.2}{引用}{chapter.5}% 17
\BOOKMARK [2][-]{subsection.5.2.1}{参考文献}{section.5.2}% 18
\BOOKMARK [2][-]{subsection.5.2.2}{对图表、章节、公式的引用}{section.5.2}% 19
\BOOKMARK [1][-]{section.5.3}{图形和表格}{chapter.5}% 20
\BOOKMARK [0][-]{chapter.6}{增强这个模板}{}% 21
\BOOKMARK [0][-]{appendix.A}{山东大学研究生院关于学位论文的格式要求}{}% 22
\BOOKMARK [1][-]{section.A.1}{学位论文的基本要求}{appendix.A}% 23
\BOOKMARK [1][-]{section.A.2}{学位论文的结构要求}{appendix.A}% 24
\BOOKMARK [1][-]{section.A.3}{学位论文的格式要求}{appendix.A}% 25
\BOOKMARK [2][-]{subsection.A.3.1}{论文封面}{section.A.3}% 26
\BOOKMARK [2][-]{subsection.A.3.2}{扉页}{section.A.3}% 27
\BOOKMARK [2][-]{subsection.A.3.3}{原创性声明和关于学位论文使用授权的说明}{section.A.3}% 28
\BOOKMARK [2][-]{subsection.A.3.4}{论文目录}{section.A.3}% 29
\BOOKMARK [2][-]{subsection.A.3.5}{中文摘要}{section.A.3}% 30
\BOOKMARK [2][-]{subsection.A.3.6}{外文摘要}{section.A.3}% 31
\BOOKMARK [2][-]{subsection.A.3.7}{符号说明}{section.A.3}% 32
\BOOKMARK [2][-]{subsection.A.3.8}{论文正文}{section.A.3}% 33
\BOOKMARK [2][-]{subsection.A.3.9}{附录、附图表}{section.A.3}% 34
\BOOKMARK [2][-]{subsection.A.3.10}{引文出处及参考文献}{section.A.3}% 35
\BOOKMARK [2][-]{subsection.A.3.11}{致谢}{section.A.3}% 36
\BOOKMARK [2][-]{subsection.A.3.12}{攻读学位期间发表的学术论文目录}{section.A.3}% 37
\BOOKMARK [2][-]{subsection.A.3.13}{学位论文评阅及答辩情况}{section.A.3}% 38
\BOOKMARK [2][-]{subsection.A.3.14}{外文论文}{section.A.3}% 39
\BOOKMARK [1][-]{section.A.4}{学位论文的打印与装订}{appendix.A}% 40
